2025-04-04 12:25:06.324728 - Received CBT.V508.FILE600.PDS from FILE600.XMI 
2025-04-04 12:25:06.325703 - Found $$$#DATE.txt (text/plain) in CBT.V508.FILE600.PDS, moved to PDS/$$$#DATE
2025-04-04 12:25:06.325847 - Found $$NOTE1.txt (text/plain) in CBT.V508.FILE600.PDS, moved to PDS/$$NOTE1
2025-04-04 12:25:06.325974 - Found $$NOTE2.txt (text/plain) in CBT.V508.FILE600.PDS, moved to PDS/$$NOTE2
2025-04-04 12:25:06.326141 - Found $$README.txt (text/plain) in CBT.V508.FILE600.PDS, moved to PDS/$$README
2025-04-04 12:25:06.326281 - Found $CHANGES.txt (text/plain) in CBT.V508.FILE600.PDS, moved to PDS/$CHANGES
2025-04-04 12:25:06.326405 - Found $CONTACT.txt (text/plain) in CBT.V508.FILE600.PDS, moved to PDS/$CONTACT
2025-04-04 12:25:06.326986 - Found $DOCFTPC.pdf (application/pdf) in CBT.V508.FILE600.PDS, moved to docs/$DOCFTPC.pdf
2025-04-04 12:25:06.327108 - Found $INDEX.txt (text/plain) in CBT.V508.FILE600.PDS, moved to PDS/$INDEX
2025-04-04 12:25:06.327248 - Found @FILE600.txt (text/plain) in CBT.V508.FILE600.PDS, moved to PDS/@FILE600
2025-04-04 12:25:06.327375 - Found FTPDOC.jcl (text/plain) in CBT.V508.FILE600.PDS, moved to PDS/FTPDOC
2025-04-04 12:25:06.327492 - Found PACKAGEJ.jcl (text/plain) in CBT.V508.FILE600.PDS, moved to PDS/PACKAGEJ
2025-04-04 12:25:06.327603 - Found RECV.rexx (text/plain) in CBT.V508.FILE600.PDS, moved to PDS/RECV
2025-04-04 12:25:06.328514 - Found XMITPDSA.xmi (application/xmit) in CBT.V508.FILE600.PDS, moved to PDS/XMITPDSA.xmi
2025-04-04 12:25:06.514036 - Received SBGOLOB.PWELLS.FILE600.ASM from XMITPDSA.xmi 
2025-04-04 12:25:06.514958 - Found $$NOTE1.txt (text/plain) in SBGOLOB.PWELLS.FILE600.ASM, moved to XMITPDSA/$$NOTE1
2025-04-04 12:25:06.515099 - Found $$README.txt (text/plain) in SBGOLOB.PWELLS.FILE600.ASM, moved to XMITPDSA/$$README
2025-04-04 12:25:06.515235 - Found $CONTACT.txt (text/plain) in SBGOLOB.PWELLS.FILE600.ASM, moved to XMITPDSA/$CONTACT
2025-04-04 12:25:06.515367 - Found $INDEX.txt (text/plain) in SBGOLOB.PWELLS.FILE600.ASM, moved to XMITPDSA/$INDEX
2025-04-04 12:25:06.515525 - Found ANFUXMSG.txt (text/plain) in SBGOLOB.PWELLS.FILE600.ASM, moved to XMITPDSA/ANFUXMSG
2025-04-04 12:25:06.515644 - Found ASMLKED.jcl (text/plain) in SBGOLOB.PWELLS.FILE600.ASM, moved to XMITPDSA/ASMLKED
2025-04-04 12:25:06.515770 - Found ASMOBJ.jcl (text/plain) in SBGOLOB.PWELLS.FILE600.ASM, moved to XMITPDSA/ASMOBJ
2025-04-04 12:25:06.515938 - Found EDCXFGS.txt (text/plain) in SBGOLOB.PWELLS.FILE600.ASM, moved to XMITPDSA/EDCXFGS
2025-04-04 12:25:06.516082 - Found FTPCTST.txt (text/plain) in SBGOLOB.PWELLS.FILE600.ASM, moved to XMITPDSA/FTPCTST
2025-04-04 12:25:06.516206 - Found FTPCTSTJ.jcl (text/plain) in SBGOLOB.PWELLS.FILE600.ASM, moved to XMITPDSA/FTPCTSTJ
2025-04-04 12:25:06.516354 - Found HPNSTST.txt (text/plain) in SBGOLOB.PWELLS.FILE600.ASM, moved to XMITPDSA/HPNSTST
2025-04-04 12:25:06.516476 - Found HPNSTSTJ.jcl (text/plain) in SBGOLOB.PWELLS.FILE600.ASM, moved to XMITPDSA/HPNSTSTJ
2025-04-04 12:25:06.516597 - Found MLWTO.txt (text/plain) in SBGOLOB.PWELLS.FILE600.ASM, moved to XMITPDSA/MLWTO
2025-04-04 12:25:06.516748 - Found SPRNTLL.txt (text/plain) in SBGOLOB.PWELLS.FILE600.ASM, moved to XMITPDSA/SPRNTLL
2025-04-04 12:25:06.516871 - Found TITLE.txt (text/plain) in SBGOLOB.PWELLS.FILE600.ASM, moved to XMITPDSA/TITLE
2025-04-04 12:25:06.516990 - Found TITLEJ.txt (text/plain) in SBGOLOB.PWELLS.FILE600.ASM, moved to XMITPDSA/TITLEJ
2025-04-04 12:25:06.517859 - Found XMITPDSC.xmi (application/xmit) in CBT.V508.FILE600.PDS, moved to PDS/XMITPDSC.xmi
2025-04-04 12:25:06.872018 - Received AWCPAW.CBT.FILE600.C.PDS from XMITPDSC.xmi 
2025-04-04 12:25:06.874163 - Found $$README.txt (text/plain) in AWCPAW.CBT.FILE600.C.PDS, moved to XMITPDSC/$$README
2025-04-04 12:25:06.874321 - Found $CONTACT.txt (text/plain) in AWCPAW.CBT.FILE600.C.PDS, moved to XMITPDSC/$CONTACT
2025-04-04 12:25:06.874457 - Found $INDEX.txt (text/plain) in AWCPAW.CBT.FILE600.C.PDS, moved to XMITPDSC/$INDEX
2025-04-04 12:25:06.874712 - Found CCOMP.jcl (text/plain) in AWCPAW.CBT.FILE600.C.PDS, moved to XMITPDSC/CCOMP
2025-04-04 12:25:06.874868 - Found COPYLINK.jcl (text/plain) in AWCPAW.CBT.FILE600.C.PDS, moved to XMITPDSC/COPYLINK
2025-04-04 12:25:06.875008 - Found CPRELKDS.jcl (text/plain) in AWCPAW.CBT.FILE600.C.PDS, moved to XMITPDSC/CPRELKDS
2025-04-04 12:25:06.875256 - Found CPRELKHF.jcl (text/plain) in AWCPAW.CBT.FILE600.C.PDS, moved to XMITPDSC/CPRELKHF
2025-04-04 12:25:06.875522 - Found CSQ.txt (text/plain) in AWCPAW.CBT.FILE600.C.PDS, moved to XMITPDSC/CSQ
2025-04-04 12:25:06.875644 - Found DIV@BSD.txt (text/plain) in AWCPAW.CBT.FILE600.C.PDS, moved to XMITPDSC/DIV@BSD
2025-04-04 12:25:06.875792 - Found DS118R10.c (text/x-c) in AWCPAW.CBT.FILE600.C.PDS, moved to XMITPDSC/DS118R10
2025-04-04 12:25:06.875936 - Found DS118R9.c (text/x-c) in AWCPAW.CBT.FILE600.C.PDS, moved to XMITPDSC/DS118R9
2025-04-04 12:25:06.876067 - Found DS119R12.c (text/x-c) in AWCPAW.CBT.FILE600.C.PDS, moved to XMITPDSC/DS119R12
2025-04-04 12:25:06.876361 - Found EDCDS118.jcl (text/plain) in AWCPAW.CBT.FILE600.C.PDS, moved to XMITPDSC/EDCDS118
2025-04-04 12:25:06.876540 - Found EDCDS119.jcl (text/plain) in AWCPAW.CBT.FILE600.C.PDS, moved to XMITPDSC/EDCDS119
2025-04-04 12:25:06.876687 - Found FTPC118.c (text/x-c) in AWCPAW.CBT.FILE600.C.PDS, moved to XMITPDSC/FTPC118
2025-04-04 12:25:06.876820 - Found FTPC118C.jcl (text/plain) in AWCPAW.CBT.FILE600.C.PDS, moved to XMITPDSC/FTPC118C
2025-04-04 12:25:06.876950 - Found FTPC118L.jcl (text/plain) in AWCPAW.CBT.FILE600.C.PDS, moved to XMITPDSC/FTPC118L
2025-04-04 12:25:06.877088 - Found FTPC119.c (text/x-c) in AWCPAW.CBT.FILE600.C.PDS, moved to XMITPDSC/FTPC119
2025-04-04 12:25:06.877233 - Found FTPC119C.jcl (text/plain) in AWCPAW.CBT.FILE600.C.PDS, moved to XMITPDSC/FTPC119C
2025-04-04 12:25:06.877350 - Found FTPC119L.jcl (text/plain) in AWCPAW.CBT.FILE600.C.PDS, moved to XMITPDSC/FTPC119L
2025-04-04 12:25:06.877477 - Found FTPT118J.jcl (text/plain) in AWCPAW.CBT.FILE600.C.PDS, moved to XMITPDSC/FTPT118J
2025-04-04 12:25:06.877669 - Found FTPT119J.jcl (text/plain) in AWCPAW.CBT.FILE600.C.PDS, moved to XMITPDSC/FTPT119J
2025-04-04 12:25:06.877838 - Found NICKNC.c (text/x-c) in AWCPAW.CBT.FILE600.C.PDS, moved to XMITPDSC/NICKNC
2025-04-04 12:25:06.877978 - Found NICKNCJ.jcl (text/plain) in AWCPAW.CBT.FILE600.C.PDS, moved to XMITPDSC/NICKNCJ
2025-04-04 12:25:06.878109 - Found SMFX118J.jcl (text/plain) in AWCPAW.CBT.FILE600.C.PDS, moved to XMITPDSC/SMFX118J
2025-04-04 12:25:06.878314 - Found SMFX119J.jcl (text/plain) in AWCPAW.CBT.FILE600.C.PDS, moved to XMITPDSC/SMFX119J
2025-04-04 12:25:06.878472 - Found SPRNTLLC.jcl (text/plain) in AWCPAW.CBT.FILE600.C.PDS, moved to XMITPDSC/SPRNTLLC
2025-04-04 12:25:06.878609 - Found SPRNTLLT.c (text/x-c) in AWCPAW.CBT.FILE600.C.PDS, moved to XMITPDSC/SPRNTLLT
2025-04-04 12:25:06.878748 - Found TITLE.c (text/x-c) in AWCPAW.CBT.FILE600.C.PDS, moved to XMITPDSC/TITLE
2025-04-04 12:25:06.878873 - Found TITLEJ.txt (text/plain) in AWCPAW.CBT.FILE600.C.PDS, moved to XMITPDSC/TITLEJ
2025-04-04 12:25:06.878999 - Found WTOT.c (text/x-c) in AWCPAW.CBT.FILE600.C.PDS, moved to XMITPDSC/WTOT
2025-04-04 12:25:06.879117 - Found WTOTC.jcl (text/plain) in AWCPAW.CBT.FILE600.C.PDS, moved to XMITPDSC/WTOTC
2025-04-04 12:25:06.881343 - Found XMITPDSO.xmi (application/xmit) in CBT.V508.FILE600.PDS, moved to PDS/XMITPDSO.xmi
2025-04-04 12:25:06.929845 - Received AWCPAW.CBT.FILE600.OBJ.PDS from XMITPDSO.xmi 
2025-04-04 12:25:06.930523 - Found $$README.txt (text/plain) in AWCPAW.CBT.FILE600.OBJ.PDS, moved to XMITPDSO/$$README
2025-04-04 12:25:06.930671 - Found $CONTACT.txt (text/plain) in AWCPAW.CBT.FILE600.OBJ.PDS, moved to XMITPDSO/$CONTACT
2025-04-04 12:25:06.930807 - Found $INDEX.txt (text/plain) in AWCPAW.CBT.FILE600.OBJ.PDS, moved to XMITPDSO/$INDEX
2025-04-04 12:25:06.930939 - Found EDCXFGS.bin (application/octet-stream) in AWCPAW.CBT.FILE600.OBJ.PDS, moved to XMITPDSO/EDCXFGS
2025-04-04 12:25:06.931075 - Found FTPC118.bin (application/octet-stream) in AWCPAW.CBT.FILE600.OBJ.PDS, moved to XMITPDSO/FTPC118
2025-04-04 12:25:06.931199 - Found FTPC119.bin (application/octet-stream) in AWCPAW.CBT.FILE600.OBJ.PDS, moved to XMITPDSO/FTPC119
2025-04-04 12:25:06.931330 - Found FTPT118.bin (application/octet-stream) in AWCPAW.CBT.FILE600.OBJ.PDS, moved to XMITPDSO/FTPT118
2025-04-04 12:25:06.931456 - Found FTPT119.bin (application/octet-stream) in AWCPAW.CBT.FILE600.OBJ.PDS, moved to XMITPDSO/FTPT119
2025-04-04 12:25:06.931570 - Found MLWTO.bin (application/octet-stream) in AWCPAW.CBT.FILE600.OBJ.PDS, moved to XMITPDSO/MLWTO
2025-04-04 12:25:06.931693 - Found NICKNC.bin (application/octet-stream) in AWCPAW.CBT.FILE600.OBJ.PDS, moved to XMITPDSO/NICKNC
2025-04-04 12:25:06.931813 - Found SPRNTLL.bin (application/octet-stream) in AWCPAW.CBT.FILE600.OBJ.PDS, moved to XMITPDSO/SPRNTLL
2025-04-04 12:25:06.933119 - Found XMITPDSR.xmi (application/xmit) in CBT.V508.FILE600.PDS, moved to PDS/XMITPDSR.xmi
2025-04-04 12:25:07.013462 - Received AWCPAW.CBT.FILE600.REXX.PDS from XMITPDSR.xmi 
2025-04-04 12:25:07.014065 - Found $$README.txt (text/plain) in AWCPAW.CBT.FILE600.REXX.PDS, moved to XMITPDSR/$$README
2025-04-04 12:25:07.014204 - Found $CONTACT.txt (text/plain) in AWCPAW.CBT.FILE600.REXX.PDS, moved to XMITPDSR/$CONTACT
2025-04-04 12:25:07.014328 - Found $INDEX.txt (text/plain) in AWCPAW.CBT.FILE600.REXX.PDS, moved to XMITPDSR/$INDEX
2025-04-04 12:25:07.014458 - Found RXMAILD1.txt (text/plain) in AWCPAW.CBT.FILE600.REXX.PDS, moved to XMITPDSR/RXMAILD1
2025-04-04 12:25:07.014840 - Found RXMAILER.rexx (text/plain) in AWCPAW.CBT.FILE600.REXX.PDS, moved to XMITPDSR/RXMAILER
2025-04-04 12:25:07.014963 - Found RXMAILJ.jcl (text/plain) in AWCPAW.CBT.FILE600.REXX.PDS, moved to XMITPDSR/RXMAILJ
